Determining if the pthread_create exist failed with the following output:
Change Dir: /home/zjx/Unmanned/build/CMakeFiles/CMakeTmp

Run Build Command:"/usr/bin/make" "cmTC_14114/fast"
/usr/bin/make -f CMakeFiles/cmTC_14114.dir/build.make CMakeFiles/cmTC_14114.dir/build
make[1]: Entering directory '/home/zjx/Unmanned/build/CMakeFiles/CMakeTmp'
Building C object CMakeFiles/cmTC_14114.dir/CheckSymbolExists.c.o
/usr/bin/cc     -o CMakeFiles/cmTC_14114.dir/CheckSymbolExists.c.o   -c /home/zjx/Unmanned/build/CMakeFiles/CMakeTmp/CheckSymbolExists.c
Linking C executable cmTC_14114
/usr/bin/cmake -E cmake_link_script CMakeFiles/cmTC_14114.dir/link.txt --verbose=1
/usr/bin/cc       CMakeFiles/cmTC_14114.dir/CheckSymbolExists.c.o  -o cmTC_14114 -rdynamic 
CMakeFiles/cmTC_14114.dir/CheckSymbolExists.c.o：在函数‘main’中：
CheckSymbolExists.c:(.text+0x16)：对‘pthread_create’未定义的引用
collect2: error: ld returned 1 exit status
CMakeFiles/cmTC_14114.dir/build.make:97: recipe for target 'cmTC_14114' failed
make[1]: *** [cmTC_14114] Error 1
make[1]: Leaving directory '/home/zjx/Unmanned/build/CMakeFiles/CMakeTmp'
Makefile:126: recipe for target 'cmTC_14114/fast' failed
make: *** [cmTC_14114/fast] Error 2

File /home/zjx/Unmanned/build/CMakeFiles/CMakeTmp/CheckSymbolExists.c:
/* */
#include <pthread.h>

int main(int argc, char** argv)
{
  (void)argv;
#ifndef pthread_create
  return ((int*)(&pthread_create))[argc];
#else
  (void)argc;
  return 0;
#endif
}

Determining if the function pthread_create exists in the pthreads failed with the following output:
Change Dir: /home/zjx/Unmanned/build/CMakeFiles/CMakeTmp

Run Build Command:"/usr/bin/make" "cmTC_1e9bd/fast"
/usr/bin/make -f CMakeFiles/cmTC_1e9bd.dir/build.make CMakeFiles/cmTC_1e9bd.dir/build
make[1]: Entering directory '/home/zjx/Unmanned/build/CMakeFiles/CMakeTmp'
Building C object CMakeFiles/cmTC_1e9bd.dir/CheckFunctionExists.c.o
/usr/bin/cc    -DCHECK_FUNCTION_EXISTS=pthread_create   -o CMakeFiles/cmTC_1e9bd.dir/CheckFunctionExists.c.o   -c /usr/share/cmake-3.5/Modules/CheckFunctionExists.c
Linking C executable cmTC_1e9bd
/usr/bin/cmake -E cmake_link_script CMakeFiles/cmTC_1e9bd.dir/link.txt --verbose=1
/usr/bin/cc   -DCHECK_FUNCTION_EXISTS=pthread_create    CMakeFiles/cmTC_1e9bd.dir/CheckFunctionExists.c.o  -o cmTC_1e9bd -rdynamic -lpthreads 
/usr/bin/ld: 找不到 -lpthreads
collect2: error: ld returned 1 exit status
CMakeFiles/cmTC_1e9bd.dir/build.make:97: recipe for target 'cmTC_1e9bd' failed
make[1]: *** [cmTC_1e9bd] Error 1
make[1]: Leaving directory '/home/zjx/Unmanned/build/CMakeFiles/CMakeTmp'
Makefile:126: recipe for target 'cmTC_1e9bd/fast' failed
make: *** [cmTC_1e9bd/fast] Error 2


Determining if the Q_WS_WIN exist failed with the following output:
Change Dir: /home/zjx/Unmanned/build/CMakeFiles/CMakeTmp

Run Build Command:"/usr/bin/make" "cmTC_20162/fast"
/usr/bin/make -f CMakeFiles/cmTC_20162.dir/build.make CMakeFiles/cmTC_20162.dir/build
make[1]: Entering directory '/home/zjx/Unmanned/build/CMakeFiles/CMakeTmp'
Building CXX object CMakeFiles/cmTC_20162.dir/CheckSymbolExists.cxx.o
/usr/bin/c++    -I/usr/include/qt4   -o CMakeFiles/cmTC_20162.dir/CheckSymbolExists.cxx.o -c /home/zjx/Unmanned/build/CMakeFiles/CMakeTmp/CheckSymbolExists.cxx
/home/zjx/Unmanned/build/CMakeFiles/CMakeTmp/CheckSymbolExists.cxx: In function 'int main(int, char**)':
/home/zjx/Unmanned/build/CMakeFiles/CMakeTmp/CheckSymbolExists.cxx:8:19: error: 'Q_WS_WIN' was not declared in this scope
   return ((int*)(&Q_WS_WIN))[argc];
                   ^
CMakeFiles/cmTC_20162.dir/build.make:65: recipe for target 'CMakeFiles/cmTC_20162.dir/CheckSymbolExists.cxx.o' failed
make[1]: *** [CMakeFiles/cmTC_20162.dir/CheckSymbolExists.cxx.o] Error 1
make[1]: Leaving directory '/home/zjx/Unmanned/build/CMakeFiles/CMakeTmp'
Makefile:126: recipe for target 'cmTC_20162/fast' failed
make: *** [cmTC_20162/fast] Error 2

File /home/zjx/Unmanned/build/CMakeFiles/CMakeTmp/CheckSymbolExists.cxx:
/* */
#include <QtCore/qglobal.h>

int main(int argc, char** argv)
{
  (void)argv;
#ifndef Q_WS_WIN
  return ((int*)(&Q_WS_WIN))[argc];
#else
  (void)argc;
  return 0;
#endif
}

Determining if the Q_WS_QWS exist failed with the following output:
Change Dir: /home/zjx/Unmanned/build/CMakeFiles/CMakeTmp

Run Build Command:"/usr/bin/make" "cmTC_4a907/fast"
/usr/bin/make -f CMakeFiles/cmTC_4a907.dir/build.make CMakeFiles/cmTC_4a907.dir/build
make[1]: Entering directory '/home/zjx/Unmanned/build/CMakeFiles/CMakeTmp'
Building CXX object CMakeFiles/cmTC_4a907.dir/CheckSymbolExists.cxx.o
/usr/bin/c++    -I/usr/include/qt4   -o CMakeFiles/cmTC_4a907.dir/CheckSymbolExists.cxx.o -c /home/zjx/Unmanned/build/CMakeFiles/CMakeTmp/CheckSymbolExists.cxx
/home/zjx/Unmanned/build/CMakeFiles/CMakeTmp/CheckSymbolExists.cxx: In function 'int main(int, char**)':
/home/zjx/Unmanned/build/CMakeFiles/CMakeTmp/CheckSymbolExists.cxx:8:19: error: 'Q_WS_QWS' was not declared in this scope
   return ((int*)(&Q_WS_QWS))[argc];
                   ^
CMakeFiles/cmTC_4a907.dir/build.make:65: recipe for target 'CMakeFiles/cmTC_4a907.dir/CheckSymbolExists.cxx.o' failed
make[1]: *** [CMakeFiles/cmTC_4a907.dir/CheckSymbolExists.cxx.o] Error 1
make[1]: Leaving directory '/home/zjx/Unmanned/build/CMakeFiles/CMakeTmp'
Makefile:126: recipe for target 'cmTC_4a907/fast' failed
make: *** [cmTC_4a907/fast] Error 2

File /home/zjx/Unmanned/build/CMakeFiles/CMakeTmp/CheckSymbolExists.cxx:
/* */
#include <QtCore/qglobal.h>

int main(int argc, char** argv)
{
  (void)argv;
#ifndef Q_WS_QWS
  return ((int*)(&Q_WS_QWS))[argc];
#else
  (void)argc;
  return 0;
#endif
}

Determining if the Q_WS_MAC exist failed with the following output:
Change Dir: /home/zjx/Unmanned/build/CMakeFiles/CMakeTmp

Run Build Command:"/usr/bin/make" "cmTC_882a2/fast"
/usr/bin/make -f CMakeFiles/cmTC_882a2.dir/build.make CMakeFiles/cmTC_882a2.dir/build
make[1]: Entering directory '/home/zjx/Unmanned/build/CMakeFiles/CMakeTmp'
Building CXX object CMakeFiles/cmTC_882a2.dir/CheckSymbolExists.cxx.o
/usr/bin/c++    -I/usr/include/qt4   -o CMakeFiles/cmTC_882a2.dir/CheckSymbolExists.cxx.o -c /home/zjx/Unmanned/build/CMakeFiles/CMakeTmp/CheckSymbolExists.cxx
/home/zjx/Unmanned/build/CMakeFiles/CMakeTmp/CheckSymbolExists.cxx: In function 'int main(int, char**)':
/home/zjx/Unmanned/build/CMakeFiles/CMakeTmp/CheckSymbolExists.cxx:8:19: error: 'Q_WS_MAC' was not declared in this scope
   return ((int*)(&Q_WS_MAC))[argc];
                   ^
CMakeFiles/cmTC_882a2.dir/build.make:65: recipe for target 'CMakeFiles/cmTC_882a2.dir/CheckSymbolExists.cxx.o' failed
make[1]: *** [CMakeFiles/cmTC_882a2.dir/CheckSymbolExists.cxx.o] Error 1
make[1]: Leaving directory '/home/zjx/Unmanned/build/CMakeFiles/CMakeTmp'
Makefile:126: recipe for target 'cmTC_882a2/fast' failed
make: *** [cmTC_882a2/fast] Error 2

File /home/zjx/Unmanned/build/CMakeFiles/CMakeTmp/CheckSymbolExists.cxx:
/* */
#include <QtCore/qglobal.h>

int main(int argc, char** argv)
{
  (void)argv;
#ifndef Q_WS_MAC
  return ((int*)(&Q_WS_MAC))[argc];
#else
  (void)argc;
  return 0;
#endif
}

